Using pre-set license
Built from '2020.2/staging' branch; Version is '2020.2.7f1 (c53830e277f1) revision 12924976'; Using compiler version '192528614'; Build Type 'Release'
OS: 'Windows 10 Pro N; OS build 19042.804; Version 2009; 64bit' Language: 'de' Physical Memory: 32665 MB
BatchMode: 1, IsHumanControllingUs: 0, StartBugReporterOnCrash: 0, Is64bit: 1, IsPro: 0

 COMMAND LINE ARGUMENTS:
G:\Unity\2020.2.7f1\Editor\Unity.exe
-adb2
-batchMode
-noUpm
-name
AssetImportWorker0
-projectPath
G:/Unity/Projects/GraphEditor
-logFile
Logs/AssetImportWorker0.log
-srvPort
57303
Successfully changed project path to: G:/Unity/Projects/GraphEditor
G:/Unity/Projects/GraphEditor
Using Asset Import Pipeline V2.
Refreshing native plugins compatible for Editor in 17.41 ms, found 0 plugins.
Preloading 0 native plugins for Editor in 0.00 ms.
Initialize engine version: 2020.2.7f1 (c53830e277f1)
[Subsystems] Discovering subsystems at path G:/Unity/2020.2.7f1/Editor/Data/Resources/UnitySubsystems
[Subsystems] Discovering subsystems at path G:/Unity/Projects/GraphEditor/Assets
GfxDevice: creating device client; threaded=0
Direct3D:
    Version:  Direct3D 11.0 [level 11.1]
    Renderer: NVIDIA GeForce GTX 1080 (ID=0x1b80)
    Vendor:   
    VRAM:     8079 MB
    Driver:   27.21.14.6089
Initialize mono
Mono path[0] = 'G:/Unity/2020.2.7f1/Editor/Data/Managed'
Mono path[1] = 'G:/Unity/2020.2.7f1/Editor/Data/MonoBleedingEdge/lib/mono/unityjit'
Mono config path = 'G:/Unity/2020.2.7f1/Editor/Data/MonoBleedingEdge/etc'
Using monoOptions --debugger-agent=transport=dt_socket,embedding=1,server=y,suspend=n,address=127.0.0.1:56196
Begin MonoManager ReloadAssembly
Registering precompiled unity dll's ...
Register platform support module: G:/Unity/2020.2.7f1/Editor/Data/PlaybackEngines/WindowsStandaloneSupport/UnityEditor.WindowsStandalone.Extensions.dll
Registered in 0.000841 seconds.
Native extension for WindowsStandalone target not found
Refreshing native plugins compatible for Editor in 17.74 ms, found 0 plugins.
Preloading 0 native plugins for Editor in 0.00 ms.
Invoked RoslynAnalysisRunner static constructor.
RoslynAnalysisRunner will not be running.
RoslynAnalysisRunner has terminated.
Mono: successfully reloaded assembly
- Completed reload, in  0.726 seconds
Platform modules already initialized, skipping
Registering precompiled user dll's ...
Registered in 0.000628 seconds.
Begin MonoManager ReloadAssembly
Native extension for WindowsStandalone target not found
Refreshing native plugins compatible for Editor in 0.19 ms, found 0 plugins.
Preloading 0 native plugins for Editor in 0.00 ms.
Invoked RoslynAnalysisRunner static constructor.
RoslynAnalysisRunner will not be running.
RoslynAnalysisRunner has terminated.
Mono: successfully reloaded assembly
- Completed reload, in  0.612 seconds
Platform modules already initialized, skipping
========================================================================
Worker process is ready to serve import requests
Launched and connected shader compiler UnityShaderCompiler.exe after 0.03 seconds
Refreshing native plugins compatible for Editor in 0.18 ms, found 0 plugins.
Preloading 0 native plugins for Editor in 0.00 ms.
Unloading 1152 Unused Serialized files (Serialized files now loaded: 0)
System memory in use before: 59.0 MB.
System memory in use after: 58.5 MB.

Unloading 21 unused Assets to reduce memory usage. Loaded Objects now: 1586.
Total: 1.492400 ms (FindLiveObjects: 0.113900 ms CreateObjectMapping: 0.030400 ms MarkObjects: 1.139200 ms  DeleteObjects: 0.208000 ms)

========================================================================
Received Import Request.
  path: Assets/bTree.asset
  artifactKey: Guid(01569601ae6776947affa9c2c13dad90) Importer(815301076,1909f56bfc062723c751e8b465ee728b)
Start importing Assets/bTree.asset using Guid(01569601ae6776947affa9c2c13dad90) Importer(815301076,1909f56bfc062723c751e8b465ee728b)  -> (artifact id: 'aa6d6cf27270d77674052ae89600967c') in 0.044072 seconds
  Import took 0.045613 seconds .

========================================================================
Received Prepare
Registering precompiled user dll's ...
Registered in 0.000382 seconds.
Begin MonoManager ReloadAssembly
Native extension for WindowsStandalone target not found
Refreshing native plugins compatible for Editor in 0.29 ms, found 0 plugins.
Preloading 0 native plugins for Editor in 0.00 ms.
Invoked RoslynAnalysisRunner static constructor.
RoslynAnalysisRunner will not be running.
RoslynAnalysisRunner has terminated.
Mono: successfully reloaded assembly
- Completed reload, in  0.585 seconds
Platform modules already initialized, skipping
Refreshing native plugins compatible for Editor in 0.20 ms, found 0 plugins.
Preloading 0 native plugins for Editor in 0.00 ms.
Unloading 1148 Unused Serialized files (Serialized files now loaded: 0)
System memory in use before: 59.1 MB.
System memory in use after: 58.7 MB.

Unloading 16 unused Assets to reduce memory usage. Loaded Objects now: 1589.
Total: 1.596700 ms (FindLiveObjects: 0.129400 ms CreateObjectMapping: 0.041800 ms MarkObjects: 1.205200 ms  DeleteObjects: 0.219600 ms)

========================================================================
Received Prepare
Registering precompiled user dll's ...
Registered in 0.000372 seconds.
Begin MonoManager ReloadAssembly
Native extension for WindowsStandalone target not found
Refreshing native plugins compatible for Editor in 0.19 ms, found 0 plugins.
Preloading 0 native plugins for Editor in 0.00 ms.
Invoked RoslynAnalysisRunner static constructor.
RoslynAnalysisRunner will not be running.
RoslynAnalysisRunner has terminated.
Mono: successfully reloaded assembly
- Completed reload, in  0.583 seconds
Platform modules already initialized, skipping
Refreshing native plugins compatible for Editor in 0.18 ms, found 0 plugins.
Preloading 0 native plugins for Editor in 0.00 ms.
Unloading 1148 Unused Serialized files (Serialized files now loaded: 0)
System memory in use before: 59.1 MB.
System memory in use after: 58.7 MB.

Unloading 16 unused Assets to reduce memory usage. Loaded Objects now: 1592.
Total: 1.735400 ms (FindLiveObjects: 0.126500 ms CreateObjectMapping: 0.033800 ms MarkObjects: 1.329800 ms  DeleteObjects: 0.244600 ms)

========================================================================
Received Prepare
Registering precompiled user dll's ...
Registered in 0.000383 seconds.
Begin MonoManager ReloadAssembly
Native extension for WindowsStandalone target not found
Refreshing native plugins compatible for Editor in 0.23 ms, found 0 plugins.
Preloading 0 native plugins for Editor in 0.00 ms.
Invoked RoslynAnalysisRunner static constructor.
RoslynAnalysisRunner will not be running.
RoslynAnalysisRunner has terminated.
Mono: successfully reloaded assembly
- Completed reload, in  0.580 seconds
Platform modules already initialized, skipping
Refreshing native plugins compatible for Editor in 0.18 ms, found 0 plugins.
Preloading 0 native plugins for Editor in 0.00 ms.
Unloading 1148 Unused Serialized files (Serialized files now loaded: 0)
System memory in use before: 59.1 MB.
System memory in use after: 58.7 MB.

Unloading 16 unused Assets to reduce memory usage. Loaded Objects now: 1595.
Total: 1.426100 ms (FindLiveObjects: 0.134800 ms CreateObjectMapping: 0.032000 ms MarkObjects: 1.032600 ms  DeleteObjects: 0.225600 ms)

========================================================================
Received Import Request.
  Time since last request: 412.756026 seconds.
  path: Assets/BTRunner.cs
  artifactKey: Guid(099ef15958848ba48a58b2db37c3b88c) Importer(815301076,1909f56bfc062723c751e8b465ee728b)
Start importing Assets/BTRunner.cs using Guid(099ef15958848ba48a58b2db37c3b88c) Importer(815301076,1909f56bfc062723c751e8b465ee728b)  -> (artifact id: '2672469688dea7acfd548e891035241e') in 0.014608 seconds
  Import took 0.016452 seconds .

========================================================================
Received Prepare
Registering precompiled user dll's ...
Registered in 0.000781 seconds.
Begin MonoManager ReloadAssembly
Native extension for WindowsStandalone target not found
Refreshing native plugins compatible for Editor in 0.19 ms, found 0 plugins.
Preloading 0 native plugins for Editor in 0.00 ms.
Invoked RoslynAnalysisRunner static constructor.
RoslynAnalysisRunner will not be running.
RoslynAnalysisRunner has terminated.
Mono: successfully reloaded assembly
- Completed reload, in  0.603 seconds
Platform modules already initialized, skipping
Refreshing native plugins compatible for Editor in 0.18 ms, found 0 plugins.
Preloading 0 native plugins for Editor in 0.00 ms.
Unloading 1149 Unused Serialized files (Serialized files now loaded: 0)
System memory in use before: 59.2 MB.
System memory in use after: 58.7 MB.

Unloading 16 unused Assets to reduce memory usage. Loaded Objects now: 1599.
Total: 1.652500 ms (FindLiveObjects: 0.140800 ms CreateObjectMapping: 0.033900 ms MarkObjects: 1.239700 ms  DeleteObjects: 0.236900 ms)

========================================================================
Received Prepare
Registering precompiled user dll's ...
Registered in 0.000400 seconds.
Begin MonoManager ReloadAssembly
Native extension for WindowsStandalone target not found
Refreshing native plugins compatible for Editor in 0.19 ms, found 0 plugins.
Preloading 0 native plugins for Editor in 0.00 ms.
Invoked RoslynAnalysisRunner static constructor.
RoslynAnalysisRunner will not be running.
RoslynAnalysisRunner has terminated.
Mono: successfully reloaded assembly
- Completed reload, in  0.583 seconds
Platform modules already initialized, skipping
Refreshing native plugins compatible for Editor in 0.17 ms, found 0 plugins.
Preloading 0 native plugins for Editor in 0.00 ms.
Unloading 1149 Unused Serialized files (Serialized files now loaded: 0)
System memory in use before: 59.2 MB.
System memory in use after: 58.7 MB.

Unloading 16 unused Assets to reduce memory usage. Loaded Objects now: 1602.
Total: 1.668500 ms (FindLiveObjects: 0.119900 ms CreateObjectMapping: 0.027400 ms MarkObjects: 1.285400 ms  DeleteObjects: 0.235000 ms)

========================================================================
Received Prepare
Registering precompiled user dll's ...
Registered in 0.000455 seconds.
Begin MonoManager ReloadAssembly
Native extension for WindowsStandalone target not found
Refreshing native plugins compatible for Editor in 0.18 ms, found 0 plugins.
Preloading 0 native plugins for Editor in 0.00 ms.
Invoked RoslynAnalysisRunner static constructor.
RoslynAnalysisRunner will not be running.
RoslynAnalysisRunner has terminated.
Mono: successfully reloaded assembly
- Completed reload, in  0.572 seconds
Platform modules already initialized, skipping
Refreshing native plugins compatible for Editor in 0.19 ms, found 0 plugins.
Preloading 0 native plugins for Editor in 0.00 ms.
Unloading 1149 Unused Serialized files (Serialized files now loaded: 0)
System memory in use before: 59.2 MB.
System memory in use after: 58.7 MB.

Unloading 16 unused Assets to reduce memory usage. Loaded Objects now: 1605.
Total: 1.628000 ms (FindLiveObjects: 0.157400 ms CreateObjectMapping: 0.041800 ms MarkObjects: 1.175900 ms  DeleteObjects: 0.251600 ms)

========================================================================
Received Prepare
Registering precompiled user dll's ...
Registered in 0.000428 seconds.
Begin MonoManager ReloadAssembly
Native extension for WindowsStandalone target not found
Refreshing native plugins compatible for Editor in 0.19 ms, found 0 plugins.
Preloading 0 native plugins for Editor in 0.00 ms.
Invoked RoslynAnalysisRunner static constructor.
RoslynAnalysisRunner will not be running.
RoslynAnalysisRunner has terminated.
Mono: successfully reloaded assembly
- Completed reload, in  0.577 seconds
Platform modules already initialized, skipping
Refreshing native plugins compatible for Editor in 0.18 ms, found 0 plugins.
Preloading 0 native plugins for Editor in 0.00 ms.
Unloading 1149 Unused Serialized files (Serialized files now loaded: 0)
System memory in use before: 59.2 MB.
System memory in use after: 58.7 MB.

Unloading 16 unused Assets to reduce memory usage. Loaded Objects now: 1608.
Total: 1.563800 ms (FindLiveObjects: 0.128300 ms CreateObjectMapping: 0.026900 ms MarkObjects: 1.178100 ms  DeleteObjects: 0.229700 ms)

========================================================================
Received Prepare
Registering precompiled user dll's ...
Registered in 0.000401 seconds.
Begin MonoManager ReloadAssembly
Native extension for WindowsStandalone target not found
Refreshing native plugins compatible for Editor in 0.18 ms, found 0 plugins.
Preloading 0 native plugins for Editor in 0.00 ms.
Invoked RoslynAnalysisRunner static constructor.
RoslynAnalysisRunner will not be running.
RoslynAnalysisRunner has terminated.
Mono: successfully reloaded assembly
- Completed reload, in  0.574 seconds
Platform modules already initialized, skipping
Refreshing native plugins compatible for Editor in 0.18 ms, found 0 plugins.
Preloading 0 native plugins for Editor in 0.00 ms.
Unloading 1149 Unused Serialized files (Serialized files now loaded: 0)
System memory in use before: 59.2 MB.
System memory in use after: 58.8 MB.

Unloading 16 unused Assets to reduce memory usage. Loaded Objects now: 1611.
Total: 1.762400 ms (FindLiveObjects: 0.145000 ms CreateObjectMapping: 0.034700 ms MarkObjects: 1.328100 ms  DeleteObjects: 0.253400 ms)

========================================================================
Received Prepare
Registering precompiled user dll's ...
Registered in 0.000460 seconds.
Begin MonoManager ReloadAssembly
Native extension for WindowsStandalone target not found
Refreshing native plugins compatible for Editor in 0.19 ms, found 0 plugins.
Preloading 0 native plugins for Editor in 0.00 ms.
Invoked RoslynAnalysisRunner static constructor.
RoslynAnalysisRunner will not be running.
RoslynAnalysisRunner has terminated.
Mono: successfully reloaded assembly
- Completed reload, in  0.579 seconds
Platform modules already initialized, skipping
Refreshing native plugins compatible for Editor in 0.18 ms, found 0 plugins.
Preloading 0 native plugins for Editor in 0.00 ms.
Unloading 1149 Unused Serialized files (Serialized files now loaded: 0)
System memory in use before: 59.2 MB.
System memory in use after: 58.8 MB.

Unloading 16 unused Assets to reduce memory usage. Loaded Objects now: 1614.
Total: 1.838900 ms (FindLiveObjects: 0.186900 ms CreateObjectMapping: 0.050300 ms MarkObjects: 1.350400 ms  DeleteObjects: 0.250500 ms)

========================================================================
Received Prepare
Registering precompiled user dll's ...
Registered in 0.000377 seconds.
Begin MonoManager ReloadAssembly
Native extension for WindowsStandalone target not found
Refreshing native plugins compatible for Editor in 0.19 ms, found 0 plugins.
Preloading 0 native plugins for Editor in 0.00 ms.
Invoked RoslynAnalysisRunner static constructor.
RoslynAnalysisRunner will not be running.
RoslynAnalysisRunner has terminated.
Mono: successfully reloaded assembly
- Completed reload, in  0.584 seconds
Platform modules already initialized, skipping
Refreshing native plugins compatible for Editor in 0.18 ms, found 0 plugins.
Preloading 0 native plugins for Editor in 0.00 ms.
Unloading 1149 Unused Serialized files (Serialized files now loaded: 0)
System memory in use before: 59.2 MB.
System memory in use after: 58.8 MB.

Unloading 16 unused Assets to reduce memory usage. Loaded Objects now: 1617.
Total: 1.608800 ms (FindLiveObjects: 0.114700 ms CreateObjectMapping: 0.032700 ms MarkObjects: 1.232300 ms  DeleteObjects: 0.228400 ms)

========================================================================
Received Prepare
Registering precompiled user dll's ...
Registered in 0.000387 seconds.
Begin MonoManager ReloadAssembly
Native extension for WindowsStandalone target not found
Refreshing native plugins compatible for Editor in 0.19 ms, found 0 plugins.
Preloading 0 native plugins for Editor in 0.00 ms.
Invoked RoslynAnalysisRunner static constructor.
RoslynAnalysisRunner will not be running.
RoslynAnalysisRunner has terminated.
Mono: successfully reloaded assembly
- Completed reload, in  0.567 seconds
Platform modules already initialized, skipping
Refreshing native plugins compatible for Editor in 0.18 ms, found 0 plugins.
Preloading 0 native plugins for Editor in 0.00 ms.
Unloading 1149 Unused Serialized files (Serialized files now loaded: 0)
System memory in use before: 59.2 MB.
System memory in use after: 58.8 MB.

Unloading 16 unused Assets to reduce memory usage. Loaded Objects now: 1620.
Total: 1.506800 ms (FindLiveObjects: 0.110000 ms CreateObjectMapping: 0.027600 ms MarkObjects: 1.135400 ms  DeleteObjects: 0.232900 ms)

========================================================================
Received Prepare
Registering precompiled user dll's ...
Registered in 0.000483 seconds.
Begin MonoManager ReloadAssembly
Native extension for WindowsStandalone target not found
Refreshing native plugins compatible for Editor in 0.19 ms, found 0 plugins.
Preloading 0 native plugins for Editor in 0.00 ms.
Invoked RoslynAnalysisRunner static constructor.
RoslynAnalysisRunner will not be running.
RoslynAnalysisRunner has terminated.
Mono: successfully reloaded assembly
- Completed reload, in  0.578 seconds
Platform modules already initialized, skipping
Refreshing native plugins compatible for Editor in 0.20 ms, found 0 plugins.
Preloading 0 native plugins for Editor in 0.00 ms.
Unloading 1150 Unused Serialized files (Serialized files now loaded: 0)
System memory in use before: 59.3 MB.
System memory in use after: 58.8 MB.

Unloading 16 unused Assets to reduce memory usage. Loaded Objects now: 1624.
Total: 1.729100 ms (FindLiveObjects: 0.227800 ms CreateObjectMapping: 0.079700 ms MarkObjects: 1.172400 ms  DeleteObjects: 0.247900 ms)

========================================================================
Received Prepare
Registering precompiled user dll's ...
Registered in 0.000369 seconds.
Begin MonoManager ReloadAssembly
Native extension for WindowsStandalone target not found
Refreshing native plugins compatible for Editor in 0.18 ms, found 0 plugins.
Preloading 0 native plugins for Editor in 0.00 ms.
Invoked RoslynAnalysisRunner static constructor.
RoslynAnalysisRunner will not be running.
RoslynAnalysisRunner has terminated.
Mono: successfully reloaded assembly
- Completed reload, in  0.571 seconds
Platform modules already initialized, skipping
Refreshing native plugins compatible for Editor in 0.18 ms, found 0 plugins.
Preloading 0 native plugins for Editor in 0.00 ms.
Unloading 1150 Unused Serialized files (Serialized files now loaded: 0)
System memory in use before: 59.3 MB.
System memory in use after: 58.8 MB.

Unloading 16 unused Assets to reduce memory usage. Loaded Objects now: 1627.
Total: 1.752600 ms (FindLiveObjects: 0.123000 ms CreateObjectMapping: 0.030300 ms MarkObjects: 1.360400 ms  DeleteObjects: 0.238100 ms)

========================================================================
Received Prepare
Registering precompiled user dll's ...
Registered in 0.000409 seconds.
Begin MonoManager ReloadAssembly
Native extension for WindowsStandalone target not found
Refreshing native plugins compatible for Editor in 0.19 ms, found 0 plugins.
Preloading 0 native plugins for Editor in 0.00 ms.
Invoked RoslynAnalysisRunner static constructor.
RoslynAnalysisRunner will not be running.
RoslynAnalysisRunner has terminated.
Mono: successfully reloaded assembly
- Completed reload, in  0.568 seconds
Platform modules already initialized, skipping
Refreshing native plugins compatible for Editor in 0.31 ms, found 0 plugins.
Preloading 0 native plugins for Editor in 0.00 ms.
Unloading 1151 Unused Serialized files (Serialized files now loaded: 0)
System memory in use before: 59.3 MB.
System memory in use after: 58.8 MB.

Unloading 16 unused Assets to reduce memory usage. Loaded Objects now: 1631.
Total: 1.726100 ms (FindLiveObjects: 0.212000 ms CreateObjectMapping: 0.054600 ms MarkObjects: 1.219900 ms  DeleteObjects: 0.238800 ms)

========================================================================
Received Prepare
Registering precompiled user dll's ...
Registered in 0.000391 seconds.
Begin MonoManager ReloadAssembly
Native extension for WindowsStandalone target not found
Refreshing native plugins compatible for Editor in 0.18 ms, found 0 plugins.
Preloading 0 native plugins for Editor in 0.00 ms.
Invoked RoslynAnalysisRunner static constructor.
RoslynAnalysisRunner will not be running.
RoslynAnalysisRunner has terminated.
Mono: successfully reloaded assembly
- Completed reload, in  0.592 seconds
Platform modules already initialized, skipping
Refreshing native plugins compatible for Editor in 0.17 ms, found 0 plugins.
Preloading 0 native plugins for Editor in 0.00 ms.
Unloading 1151 Unused Serialized files (Serialized files now loaded: 0)
System memory in use before: 59.3 MB.
System memory in use after: 58.8 MB.

Unloading 16 unused Assets to reduce memory usage. Loaded Objects now: 1634.
Total: 1.630300 ms (FindLiveObjects: 0.110600 ms CreateObjectMapping: 0.029400 ms MarkObjects: 1.255600 ms  DeleteObjects: 0.233900 ms)

========================================================================
Received Prepare
Registering precompiled user dll's ...
Registered in 0.000387 seconds.
Begin MonoManager ReloadAssembly
Native extension for WindowsStandalone target not found
Refreshing native plugins compatible for Editor in 0.18 ms, found 0 plugins.
Preloading 0 native plugins for Editor in 0.00 ms.
Invoked RoslynAnalysisRunner static constructor.
RoslynAnalysisRunner will not be running.
RoslynAnalysisRunner has terminated.
Mono: successfully reloaded assembly
- Completed reload, in  0.570 seconds
Platform modules already initialized, skipping
Refreshing native plugins compatible for Editor in 0.17 ms, found 0 plugins.
Preloading 0 native plugins for Editor in 0.00 ms.
Unloading 1152 Unused Serialized files (Serialized files now loaded: 0)
System memory in use before: 59.3 MB.
System memory in use after: 58.9 MB.

Unloading 16 unused Assets to reduce memory usage. Loaded Objects now: 1638.
Total: 1.584900 ms (FindLiveObjects: 0.129700 ms CreateObjectMapping: 0.030600 ms MarkObjects: 1.199100 ms  DeleteObjects: 0.224800 ms)

========================================================================
Received Import Request.
  Time since last request: 3968.411181 seconds.
  path: Assets/BTRunner.cs
  artifactKey: Guid(099ef15958848ba48a58b2db37c3b88c) Importer(815301076,1909f56bfc062723c751e8b465ee728b)
Start importing Assets/BTRunner.cs using Guid(099ef15958848ba48a58b2db37c3b88c) Importer(815301076,1909f56bfc062723c751e8b465ee728b)  -> (artifact id: '4f694b99d65298acc3f62c6ffe5b8cbc') in 0.014360 seconds
  Import took 0.017991 seconds .

========================================================================
Received Import Request.
  Time since last request: 0.001708 seconds.
  path: Assets/BTRunner.cs
  artifactKey: Guid(099ef15958848ba48a58b2db37c3b88c) Importer(815301076,1909f56bfc062723c751e8b465ee728b)
Start importing Assets/BTRunner.cs using Guid(099ef15958848ba48a58b2db37c3b88c) Importer(815301076,1909f56bfc062723c751e8b465ee728b)  -> (artifact id: '4f694b99d65298acc3f62c6ffe5b8cbc') in 0.001941 seconds
  Import took 0.003823 seconds .

========================================================================
Received Prepare
Registering precompiled user dll's ...
Registered in 0.000454 seconds.
Begin MonoManager ReloadAssembly
Native extension for WindowsStandalone target not found
Refreshing native plugins compatible for Editor in 0.20 ms, found 0 plugins.
Preloading 0 native plugins for Editor in 0.00 ms.
Invoked RoslynAnalysisRunner static constructor.
RoslynAnalysisRunner will not be running.
RoslynAnalysisRunner has terminated.
Mono: successfully reloaded assembly
- Completed reload, in  0.627 seconds
Platform modules already initialized, skipping
Refreshing native plugins compatible for Editor in 0.18 ms, found 0 plugins.
Preloading 0 native plugins for Editor in 0.00 ms.
Unloading 1153 Unused Serialized files (Serialized files now loaded: 0)
System memory in use before: 59.3 MB.
System memory in use after: 58.9 MB.

Unloading 16 unused Assets to reduce memory usage. Loaded Objects now: 1642.
Total: 1.586900 ms (FindLiveObjects: 0.116800 ms CreateObjectMapping: 0.040400 ms MarkObjects: 1.177900 ms  DeleteObjects: 0.251000 ms)

========================================================================
Received Prepare
Registering precompiled user dll's ...
Registered in 0.000421 seconds.
Begin MonoManager ReloadAssembly
Native extension for WindowsStandalone target not found
Refreshing native plugins compatible for Editor in 0.20 ms, found 0 plugins.
Preloading 0 native plugins for Editor in 0.00 ms.
Invoked RoslynAnalysisRunner static constructor.
RoslynAnalysisRunner will not be running.
RoslynAnalysisRunner has terminated.
Mono: successfully reloaded assembly
- Completed reload, in  0.591 seconds
Platform modules already initialized, skipping
Refreshing native plugins compatible for Editor in 0.18 ms, found 0 plugins.
Preloading 0 native plugins for Editor in 0.00 ms.
Unloading 1153 Unused Serialized files (Serialized files now loaded: 0)
System memory in use before: 59.3 MB.
System memory in use after: 58.9 MB.

Unloading 16 unused Assets to reduce memory usage. Loaded Objects now: 1645.
Total: 1.678700 ms (FindLiveObjects: 0.130100 ms CreateObjectMapping: 0.032300 ms MarkObjects: 1.276500 ms  DeleteObjects: 0.239100 ms)

========================================================================
Received Import Request.
  Time since last request: 2104.782072 seconds.
  path: Assets/bTree2.asset
  artifactKey: Guid(01569601ae6776947affa9c2c13dad90) Importer(815301076,1909f56bfc062723c751e8b465ee728b)
Start importing Assets/bTree2.asset using Guid(01569601ae6776947affa9c2c13dad90) Importer(815301076,1909f56bfc062723c751e8b465ee728b)  -> (artifact id: 'ab6d760e249929787c0c257eebfbddfa') in 0.028057 seconds
  Import took 0.029836 seconds .

========================================================================
Received Import Request.
  Time since last request: 56.379842 seconds.
  path: ProjectSettings/TagManager.asset
  artifactKey: Guid(00000000000000003000000000000000) Importer(815301076,1909f56bfc062723c751e8b465ee728b)
Start importing ProjectSettings/TagManager.asset using Guid(00000000000000003000000000000000) Importer(815301076,1909f56bfc062723c751e8b465ee728b)  -> (artifact id: '2eaa3349c9e40244e4dab48b70f5f6d6') in 0.005772 seconds
  Import took 0.007316 seconds .

========================================================================
Received Prepare
Registering precompiled user dll's ...
Registered in 0.000404 seconds.
Begin MonoManager ReloadAssembly
Native extension for WindowsStandalone target not found
Refreshing native plugins compatible for Editor in 0.19 ms, found 0 plugins.
Preloading 0 native plugins for Editor in 0.00 ms.
Invoked RoslynAnalysisRunner static constructor.
RoslynAnalysisRunner will not be running.
RoslynAnalysisRunner has terminated.
Mono: successfully reloaded assembly
- Completed reload, in  0.574 seconds
Platform modules already initialized, skipping
Refreshing native plugins compatible for Editor in 0.18 ms, found 0 plugins.
Preloading 0 native plugins for Editor in 0.00 ms.
Unloading 1153 Unused Serialized files (Serialized files now loaded: 0)
System memory in use before: 59.4 MB.
System memory in use after: 58.9 MB.

Unloading 17 unused Assets to reduce memory usage. Loaded Objects now: 1648.
Total: 1.743700 ms (FindLiveObjects: 0.126300 ms CreateObjectMapping: 0.031800 ms MarkObjects: 1.333400 ms  DeleteObjects: 0.251400 ms)

========================================================================
Received Import Request.
  Time since last request: 61.114717 seconds.
  path: Assets/bTree.asset
  artifactKey: Guid(44288bbf744539540a22f94c5bd5f78e) Importer(815301076,1909f56bfc062723c751e8b465ee728b)
Start importing Assets/bTree.asset using Guid(44288bbf744539540a22f94c5bd5f78e) Importer(815301076,1909f56bfc062723c751e8b465ee728b)  -> (artifact id: '01e4fa5146ec32343f7de2fbcc3d118d') in 0.025586 seconds
  Import took 0.027143 seconds .

========================================================================
Received Import Request.
  Time since last request: 0.007117 seconds.
  path: Assets/bTree.asset
  artifactKey: Guid(44288bbf744539540a22f94c5bd5f78e) Importer(815301076,1909f56bfc062723c751e8b465ee728b)
Start importing Assets/bTree.asset using Guid(44288bbf744539540a22f94c5bd5f78e) Importer(815301076,1909f56bfc062723c751e8b465ee728b)  -> (artifact id: '01e4fa5146ec32343f7de2fbcc3d118d') in 0.001811 seconds
  Import took 0.003319 seconds .

========================================================================
Received Prepare
Registering precompiled user dll's ...
Registered in 0.000510 seconds.
Begin MonoManager ReloadAssembly
Native extension for WindowsStandalone target not found
Refreshing native plugins compatible for Editor in 0.42 ms, found 0 plugins.
Preloading 0 native plugins for Editor in 0.00 ms.
Invoked RoslynAnalysisRunner static constructor.
RoslynAnalysisRunner will not be running.
RoslynAnalysisRunner has terminated.
Mono: successfully reloaded assembly
- Completed reload, in  0.641 seconds
Platform modules already initialized, skipping
Refreshing native plugins compatible for Editor in 0.22 ms, found 0 plugins.
Preloading 0 native plugins for Editor in 0.00 ms.
Unloading 1153 Unused Serialized files (Serialized files now loaded: 0)
System memory in use before: 59.4 MB.
System memory in use after: 58.9 MB.

Unloading 16 unused Assets to reduce memory usage. Loaded Objects now: 1651.
Total: 1.599400 ms (FindLiveObjects: 0.130900 ms CreateObjectMapping: 0.040700 ms MarkObjects: 1.192000 ms  DeleteObjects: 0.235000 ms)

========================================================================
Received Prepare
Registering precompiled user dll's ...
Registered in 0.000450 seconds.
Begin MonoManager ReloadAssembly
Native extension for WindowsStandalone target not found
Refreshing native plugins compatible for Editor in 0.19 ms, found 0 plugins.
Preloading 0 native plugins for Editor in 0.00 ms.
Invoked RoslynAnalysisRunner static constructor.
RoslynAnalysisRunner will not be running.
RoslynAnalysisRunner has terminated.
Mono: successfully reloaded assembly
- Completed reload, in  0.609 seconds
Platform modules already initialized, skipping
Refreshing native plugins compatible for Editor in 0.19 ms, found 0 plugins.
Preloading 0 native plugins for Editor in 0.00 ms.
Unloading 1153 Unused Serialized files (Serialized files now loaded: 0)
System memory in use before: 59.4 MB.
System memory in use after: 58.9 MB.

Unloading 16 unused Assets to reduce memory usage. Loaded Objects now: 1654.
Total: 1.450000 ms (FindLiveObjects: 0.151800 ms CreateObjectMapping: 0.033900 ms MarkObjects: 1.029300 ms  DeleteObjects: 0.234100 ms)

========================================================================
Received Prepare
Registering precompiled user dll's ...
Registered in 0.000514 seconds.
Begin MonoManager ReloadAssembly
Native extension for WindowsStandalone target not found
Refreshing native plugins compatible for Editor in 0.32 ms, found 0 plugins.
Preloading 0 native plugins for Editor in 0.00 ms.
Invoked RoslynAnalysisRunner static constructor.
RoslynAnalysisRunner will not be running.
RoslynAnalysisRunner has terminated.
Mono: successfully reloaded assembly
- Completed reload, in  0.645 seconds
Platform modules already initialized, skipping
Refreshing native plugins compatible for Editor in 0.19 ms, found 0 plugins.
Preloading 0 native plugins for Editor in 0.00 ms.
Unloading 1153 Unused Serialized files (Serialized files now loaded: 0)
System memory in use before: 59.4 MB.
System memory in use after: 58.9 MB.

Unloading 16 unused Assets to reduce memory usage. Loaded Objects now: 1657.
Total: 1.662000 ms (FindLiveObjects: 0.131000 ms CreateObjectMapping: 0.031300 ms MarkObjects: 1.238100 ms  DeleteObjects: 0.260800 ms)

========================================================================
Received Prepare
Registering precompiled user dll's ...
Registered in 0.000446 seconds.
Begin MonoManager ReloadAssembly
Native extension for WindowsStandalone target not found
Refreshing native plugins compatible for Editor in 0.20 ms, found 0 plugins.
Preloading 0 native plugins for Editor in 0.00 ms.
Invoked RoslynAnalysisRunner static constructor.
RoslynAnalysisRunner will not be running.
RoslynAnalysisRunner has terminated.
Mono: successfully reloaded assembly
- Completed reload, in  0.610 seconds
Platform modules already initialized, skipping
Refreshing native plugins compatible for Editor in 0.19 ms, found 0 plugins.
Preloading 0 native plugins for Editor in 0.00 ms.
Unloading 1153 Unused Serialized files (Serialized files now loaded: 0)
System memory in use before: 59.4 MB.
System memory in use after: 58.9 MB.

Unloading 16 unused Assets to reduce memory usage. Loaded Objects now: 1660.
Total: 1.809300 ms (FindLiveObjects: 0.133600 ms CreateObjectMapping: 0.032900 ms MarkObjects: 1.368200 ms  DeleteObjects: 0.273500 ms)

========================================================================
Received Prepare
Registering precompiled user dll's ...
Registered in 0.000418 seconds.
Begin MonoManager ReloadAssembly
Native extension for WindowsStandalone target not found
Refreshing native plugins compatible for Editor in 0.20 ms, found 0 plugins.
Preloading 0 native plugins for Editor in 0.00 ms.
Invoked RoslynAnalysisRunner static constructor.
RoslynAnalysisRunner will not be running.
RoslynAnalysisRunner has terminated.
Mono: successfully reloaded assembly
- Completed reload, in  0.607 seconds
Platform modules already initialized, skipping
Refreshing native plugins compatible for Editor in 0.18 ms, found 0 plugins.
Preloading 0 native plugins for Editor in 0.00 ms.
Unloading 1153 Unused Serialized files (Serialized files now loaded: 0)
System memory in use before: 59.4 MB.
System memory in use after: 58.9 MB.

Unloading 16 unused Assets to reduce memory usage. Loaded Objects now: 1663.
Total: 1.761900 ms (FindLiveObjects: 0.167000 ms CreateObjectMapping: 0.042200 ms MarkObjects: 1.303600 ms  DeleteObjects: 0.248200 ms)

========================================================================
Received Prepare
Registering precompiled user dll's ...
Registered in 0.000458 seconds.
Begin MonoManager ReloadAssembly
Native extension for WindowsStandalone target not found
Refreshing native plugins compatible for Editor in 0.19 ms, found 0 plugins.
Preloading 0 native plugins for Editor in 0.00 ms.
Invoked RoslynAnalysisRunner static constructor.
RoslynAnalysisRunner will not be running.
RoslynAnalysisRunner has terminated.
Mono: successfully reloaded assembly
- Completed reload, in  0.625 seconds
Platform modules already initialized, skipping
Refreshing native plugins compatible for Editor in 0.21 ms, found 0 plugins.
Preloading 0 native plugins for Editor in 0.00 ms.
Unloading 1153 Unused Serialized files (Serialized files now loaded: 0)
System memory in use before: 59.4 MB.
System memory in use after: 58.9 MB.

Unloading 16 unused Assets to reduce memory usage. Loaded Objects now: 1666.
Total: 1.713200 ms (FindLiveObjects: 0.181000 ms CreateObjectMapping: 0.034100 ms MarkObjects: 1.248300 ms  DeleteObjects: 0.248800 ms)

========================================================================
Received Prepare
Registering precompiled user dll's ...
Registered in 0.000493 seconds.
Begin MonoManager ReloadAssembly
Native extension for WindowsStandalone target not found
Refreshing native plugins compatible for Editor in 0.19 ms, found 0 plugins.
Preloading 0 native plugins for Editor in 0.00 ms.
Invoked RoslynAnalysisRunner static constructor.
RoslynAnalysisRunner will not be running.
RoslynAnalysisRunner has terminated.
Mono: successfully reloaded assembly
- Completed reload, in  0.581 seconds
Platform modules already initialized, skipping
Refreshing native plugins compatible for Editor in 0.19 ms, found 0 plugins.
Preloading 0 native plugins for Editor in 0.00 ms.
Unloading 1153 Unused Serialized files (Serialized files now loaded: 0)
System memory in use before: 59.4 MB.
System memory in use after: 58.9 MB.

Unloading 16 unused Assets to reduce memory usage. Loaded Objects now: 1669.
Total: 1.823900 ms (FindLiveObjects: 0.163800 ms CreateObjectMapping: 0.036600 ms MarkObjects: 1.358000 ms  DeleteObjects: 0.264800 ms)

========================================================================
Received Prepare
Registering precompiled user dll's ...
Registered in 0.000446 seconds.
Begin MonoManager ReloadAssembly
Native extension for WindowsStandalone target not found
Refreshing native plugins compatible for Editor in 0.19 ms, found 0 plugins.
Preloading 0 native plugins for Editor in 0.00 ms.
Invoked RoslynAnalysisRunner static constructor.
RoslynAnalysisRunner will not be running.
RoslynAnalysisRunner has terminated.
Mono: successfully reloaded assembly
- Completed reload, in  0.571 seconds
Platform modules already initialized, skipping
Refreshing native plugins compatible for Editor in 0.18 ms, found 0 plugins.
Preloading 0 native plugins for Editor in 0.00 ms.
Unloading 1153 Unused Serialized files (Serialized files now loaded: 0)
System memory in use before: 59.4 MB.
System memory in use after: 58.9 MB.

Unloading 16 unused Assets to reduce memory usage. Loaded Objects now: 1672.
Total: 1.544300 ms (FindLiveObjects: 0.125400 ms CreateObjectMapping: 0.031700 ms MarkObjects: 1.147500 ms  DeleteObjects: 0.239000 ms)

========================================================================
Received Prepare
Registering precompiled user dll's ...
Registered in 0.000427 seconds.
Begin MonoManager ReloadAssembly
Native extension for WindowsStandalone target not found
Refreshing native plugins compatible for Editor in 0.18 ms, found 0 plugins.
Preloading 0 native plugins for Editor in 0.00 ms.
Invoked RoslynAnalysisRunner static constructor.
RoslynAnalysisRunner will not be running.
RoslynAnalysisRunner has terminated.
Mono: successfully reloaded assembly
- Completed reload, in  0.599 seconds
Platform modules already initialized, skipping
Refreshing native plugins compatible for Editor in 0.19 ms, found 0 plugins.
Preloading 0 native plugins for Editor in 0.00 ms.
Unloading 1153 Unused Serialized files (Serialized files now loaded: 0)
System memory in use before: 59.4 MB.
System memory in use after: 59.0 MB.

Unloading 16 unused Assets to reduce memory usage. Loaded Objects now: 1675.
Total: 1.661600 ms (FindLiveObjects: 0.147000 ms CreateObjectMapping: 0.030900 ms MarkObjects: 1.220300 ms  DeleteObjects: 0.262700 ms)

========================================================================
Received Prepare
Registering precompiled user dll's ...
Registered in 0.000450 seconds.
Begin MonoManager ReloadAssembly
Native extension for WindowsStandalone target not found
Refreshing native plugins compatible for Editor in 0.19 ms, found 0 plugins.
Preloading 0 native plugins for Editor in 0.00 ms.
Invoked RoslynAnalysisRunner static constructor.
RoslynAnalysisRunner will not be running.
RoslynAnalysisRunner has terminated.
Mono: successfully reloaded assembly
- Completed reload, in  0.603 seconds
Platform modules already initialized, skipping
Refreshing native plugins compatible for Editor in 0.18 ms, found 0 plugins.
Preloading 0 native plugins for Editor in 0.00 ms.
Unloading 1153 Unused Serialized files (Serialized files now loaded: 0)
System memory in use before: 59.4 MB.
System memory in use after: 59.0 MB.

Unloading 16 unused Assets to reduce memory usage. Loaded Objects now: 1678.
Total: 1.857800 ms (FindLiveObjects: 0.302900 ms CreateObjectMapping: 0.081300 ms MarkObjects: 1.239400 ms  DeleteObjects: 0.233100 ms)

========================================================================
Received Import Request.
  Time since last request: 1777.301010 seconds.
  path: Assets/Ground.mat
  artifactKey: Guid(478d296897c6b8e41a2d1a1b1ac4c80e) Importer(815301076,1909f56bfc062723c751e8b465ee728b)
Start importing Assets/Ground.mat using Guid(478d296897c6b8e41a2d1a1b1ac4c80e) Importer(815301076,1909f56bfc062723c751e8b465ee728b)  -> (artifact id: '4c6ce6995d313768b3c7d24f6a4421d8') in 0.113208 seconds
  Import took 0.115675 seconds .

========================================================================
Received Prepare
Registering precompiled user dll's ...
Registered in 0.000396 seconds.
Begin MonoManager ReloadAssembly
Native extension for WindowsStandalone target not found
Refreshing native plugins compatible for Editor in 0.19 ms, found 0 plugins.
Preloading 0 native plugins for Editor in 0.00 ms.
Invoked RoslynAnalysisRunner static constructor.
RoslynAnalysisRunner will not be running.
RoslynAnalysisRunner has terminated.
Mono: successfully reloaded assembly
- Completed reload, in  0.596 seconds
Platform modules already initialized, skipping
Refreshing native plugins compatible for Editor in 0.19 ms, found 0 plugins.
Preloading 0 native plugins for Editor in 0.00 ms.
Unloading 1153 Unused Serialized files (Serialized files now loaded: 0)
System memory in use before: 62.8 MB.
System memory in use after: 62.3 MB.

Unloading 16 unused Assets to reduce memory usage. Loaded Objects now: 1721.
Total: 1.542500 ms (FindLiveObjects: 0.152900 ms CreateObjectMapping: 0.034300 ms MarkObjects: 1.134600 ms  DeleteObjects: 0.219700 ms)

========================================================================
Received Prepare
Registering precompiled user dll's ...
Registered in 0.000451 seconds.
Begin MonoManager ReloadAssembly
Native extension for WindowsStandalone target not found
Refreshing native plugins compatible for Editor in 0.19 ms, found 0 plugins.
Preloading 0 native plugins for Editor in 0.00 ms.
Invoked RoslynAnalysisRunner static constructor.
RoslynAnalysisRunner will not be running.
RoslynAnalysisRunner has terminated.
Mono: successfully reloaded assembly
- Completed reload, in  0.584 seconds
Platform modules already initialized, skipping
Refreshing native plugins compatible for Editor in 0.18 ms, found 0 plugins.
Preloading 0 native plugins for Editor in 0.00 ms.
Unloading 1153 Unused Serialized files (Serialized files now loaded: 0)
System memory in use before: 62.8 MB.
System memory in use after: 62.3 MB.

Unloading 16 unused Assets to reduce memory usage. Loaded Objects now: 1724.
Total: 1.662400 ms (FindLiveObjects: 0.130700 ms CreateObjectMapping: 0.030800 ms MarkObjects: 1.260900 ms  DeleteObjects: 0.239100 ms)

========================================================================
Received Prepare
Registering precompiled user dll's ...
Registered in 0.000559 seconds.
Begin MonoManager ReloadAssembly
Native extension for WindowsStandalone target not found
Refreshing native plugins compatible for Editor in 0.19 ms, found 0 plugins.
Preloading 0 native plugins for Editor in 0.00 ms.
Invoked RoslynAnalysisRunner static constructor.
RoslynAnalysisRunner will not be running.
RoslynAnalysisRunner has terminated.
Mono: successfully reloaded assembly
- Completed reload, in  0.591 seconds
Platform modules already initialized, skipping
Refreshing native plugins compatible for Editor in 0.18 ms, found 0 plugins.
Preloading 0 native plugins for Editor in 0.00 ms.
Unloading 1153 Unused Serialized files (Serialized files now loaded: 0)
System memory in use before: 62.8 MB.
System memory in use after: 62.3 MB.

Unloading 16 unused Assets to reduce memory usage. Loaded Objects now: 1727.
Total: 1.570100 ms (FindLiveObjects: 0.134400 ms CreateObjectMapping: 0.028200 ms MarkObjects: 1.170300 ms  DeleteObjects: 0.236300 ms)

========================================================================
Received Prepare
Registering precompiled user dll's ...
Registered in 0.000449 seconds.
Begin MonoManager ReloadAssembly
Native extension for WindowsStandalone target not found
Refreshing native plugins compatible for Editor in 0.19 ms, found 0 plugins.
Preloading 0 native plugins for Editor in 0.00 ms.
Invoked RoslynAnalysisRunner static constructor.
RoslynAnalysisRunner will not be running.
RoslynAnalysisRunner has terminated.
Mono: successfully reloaded assembly
- Completed reload, in  0.593 seconds
Platform modules already initialized, skipping
Refreshing native plugins compatible for Editor in 0.18 ms, found 0 plugins.
Preloading 0 native plugins for Editor in 0.00 ms.
Unloading 1153 Unused Serialized files (Serialized files now loaded: 0)
System memory in use before: 62.8 MB.
System memory in use after: 62.3 MB.

Unloading 16 unused Assets to reduce memory usage. Loaded Objects now: 1730.
Total: 1.884900 ms (FindLiveObjects: 0.322100 ms CreateObjectMapping: 0.078400 ms MarkObjects: 1.233500 ms  DeleteObjects: 0.249800 ms)

========================================================================
Received Prepare
Registering precompiled user dll's ...
Registered in 0.000413 seconds.
Begin MonoManager ReloadAssembly
Native extension for WindowsStandalone target not found
Refreshing native plugins compatible for Editor in 0.19 ms, found 0 plugins.
Preloading 0 native plugins for Editor in 0.00 ms.
Invoked RoslynAnalysisRunner static constructor.
RoslynAnalysisRunner will not be running.
RoslynAnalysisRunner has terminated.
Mono: successfully reloaded assembly
- Completed reload, in  0.604 seconds
Platform modules already initialized, skipping
Refreshing native plugins compatible for Editor in 0.20 ms, found 0 plugins.
Preloading 0 native plugins for Editor in 0.00 ms.
Unloading 1153 Unused Serialized files (Serialized files now loaded: 0)
System memory in use before: 62.8 MB.
System memory in use after: 62.3 MB.

Unloading 16 unused Assets to reduce memory usage. Loaded Objects now: 1733.
Total: 1.534600 ms (FindLiveObjects: 0.153500 ms CreateObjectMapping: 0.039800 ms MarkObjects: 1.091600 ms  DeleteObjects: 0.249000 ms)

========================================================================
Received Prepare
Registering precompiled user dll's ...
Registered in 0.000505 seconds.
Begin MonoManager ReloadAssembly
Native extension for WindowsStandalone target not found
Refreshing native plugins compatible for Editor in 0.19 ms, found 0 plugins.
Preloading 0 native plugins for Editor in 0.00 ms.
Invoked RoslynAnalysisRunner static constructor.
RoslynAnalysisRunner will not be running.
RoslynAnalysisRunner has terminated.
Mono: successfully reloaded assembly
- Completed reload, in  0.589 seconds
Platform modules already initialized, skipping
Refreshing native plugins compatible for Editor in 0.19 ms, found 0 plugins.
Preloading 0 native plugins for Editor in 0.00 ms.
Unloading 1153 Unused Serialized files (Serialized files now loaded: 0)
System memory in use before: 62.8 MB.
System memory in use after: 62.3 MB.

Unloading 16 unused Assets to reduce memory usage. Loaded Objects now: 1736.
Total: 1.637400 ms (FindLiveObjects: 0.145000 ms CreateObjectMapping: 0.032800 ms MarkObjects: 1.202800 ms  DeleteObjects: 0.255900 ms)

========================================================================
Received Prepare
Registering precompiled user dll's ...
Registered in 0.001169 seconds.
Begin MonoManager ReloadAssembly
Native extension for WindowsStandalone target not found
Refreshing native plugins compatible for Editor in 0.19 ms, found 0 plugins.
Preloading 0 native plugins for Editor in 0.00 ms.
Invoked RoslynAnalysisRunner static constructor.
RoslynAnalysisRunner will not be running.
RoslynAnalysisRunner has terminated.
Mono: successfully reloaded assembly
- Completed reload, in  0.575 seconds
Platform modules already initialized, skipping
Refreshing native plugins compatible for Editor in 0.19 ms, found 0 plugins.
Preloading 0 native plugins for Editor in 0.00 ms.
Unloading 1154 Unused Serialized files (Serialized files now loaded: 0)
System memory in use before: 62.8 MB.
System memory in use after: 62.4 MB.

Unloading 16 unused Assets to reduce memory usage. Loaded Objects now: 1740.
Total: 1.620800 ms (FindLiveObjects: 0.191400 ms CreateObjectMapping: 0.042600 ms MarkObjects: 1.149600 ms  DeleteObjects: 0.236300 ms)

========================================================================
Received Prepare
Registering precompiled user dll's ...
Registered in 0.000417 seconds.
Begin MonoManager ReloadAssembly
Native extension for WindowsStandalone target not found
Refreshing native plugins compatible for Editor in 0.24 ms, found 0 plugins.
Preloading 0 native plugins for Editor in 0.00 ms.
Invoked RoslynAnalysisRunner static constructor.
RoslynAnalysisRunner will not be running.
RoslynAnalysisRunner has terminated.
Mono: successfully reloaded assembly
- Completed reload, in  0.579 seconds
Platform modules already initialized, skipping
Refreshing native plugins compatible for Editor in 0.21 ms, found 0 plugins.
Preloading 0 native plugins for Editor in 0.00 ms.
Unloading 1155 Unused Serialized files (Serialized files now loaded: 0)
System memory in use before: 62.9 MB.
System memory in use after: 62.4 MB.

Unloading 16 unused Assets to reduce memory usage. Loaded Objects now: 1744.
Total: 1.653100 ms (FindLiveObjects: 0.132800 ms CreateObjectMapping: 0.032700 ms MarkObjects: 1.236400 ms  DeleteObjects: 0.250500 ms)

========================================================================
Received Prepare
Registering precompiled user dll's ...
Registered in 0.000444 seconds.
Begin MonoManager ReloadAssembly
Native extension for WindowsStandalone target not found
Refreshing native plugins compatible for Editor in 0.18 ms, found 0 plugins.
Preloading 0 native plugins for Editor in 0.00 ms.
Invoked RoslynAnalysisRunner static constructor.
RoslynAnalysisRunner will not be running.
RoslynAnalysisRunner has terminated.
Mono: successfully reloaded assembly
- Completed reload, in  0.588 seconds
Platform modules already initialized, skipping
Refreshing native plugins compatible for Editor in 0.22 ms, found 0 plugins.
Preloading 0 native plugins for Editor in 0.00 ms.
Unloading 1155 Unused Serialized files (Serialized files now loaded: 0)
System memory in use before: 62.9 MB.
System memory in use after: 62.4 MB.

Unloading 16 unused Assets to reduce memory usage. Loaded Objects now: 1747.
Total: 1.695700 ms (FindLiveObjects: 0.158800 ms CreateObjectMapping: 0.038300 ms MarkObjects: 1.245700 ms  DeleteObjects: 0.251900 ms)

========================================================================
Received Import Request.
  Time since last request: 1347.352484 seconds.
  path: Assets/bTree2.asset
  artifactKey: Guid(01569601ae6776947affa9c2c13dad90) Importer(815301076,1909f56bfc062723c751e8b465ee728b)
Start importing Assets/bTree2.asset using Guid(01569601ae6776947affa9c2c13dad90) Importer(815301076,1909f56bfc062723c751e8b465ee728b) InvalidOperationException: Operation is not valid due to the current state of the object.
  at AI.BT.Extensions.CreateBTNode (AI.BT.Serialization.SerializedBTNode node) [0x00001] in G:\Unity\Projects\GraphEditor\Assets\AI\BT\Extensions.cs:28 
  at AI.BT.BehaviorTree.SetFromSerializedTree (AI.BT.Serialization.SerializedBehaviorTree serializedBehaviorTree) [0x00024] in G:\Unity\Projects\GraphEditor\Assets\AI\BT\BehaviorTree.cs:23 
  at AI.BT.BehaviorTree.OnAfterDeserialize () [0x00019] in G:\Unity\Projects\GraphEditor\Assets\AI\BT\BehaviorTree.cs:55 

(Filename: Assets/AI/BT/Extensions.cs Line: 28)

 -> (artifact id: 'b39270d93e61e52a4dc82720a3d0f726') in 0.018081 seconds
  Import took 0.019869 seconds .

========================================================================
Received Import Request.
  Time since last request: 0.001288 seconds.
  path: Assets/bTree2.asset
  artifactKey: Guid(01569601ae6776947affa9c2c13dad90) Importer(815301076,1909f56bfc062723c751e8b465ee728b)
Start importing Assets/bTree2.asset using Guid(01569601ae6776947affa9c2c13dad90) Importer(815301076,1909f56bfc062723c751e8b465ee728b) InvalidOperationException: Operation is not valid due to the current state of the object.
  at AI.BT.Extensions.CreateBTNode (AI.BT.Serialization.SerializedBTNode node) [0x00001] in G:\Unity\Projects\GraphEditor\Assets\AI\BT\Extensions.cs:28 
  at AI.BT.BehaviorTree.SetFromSerializedTree (AI.BT.Serialization.SerializedBehaviorTree serializedBehaviorTree) [0x00024] in G:\Unity\Projects\GraphEditor\Assets\AI\BT\BehaviorTree.cs:23 
  at AI.BT.BehaviorTree.OnAfterDeserialize () [0x00019] in G:\Unity\Projects\GraphEditor\Assets\AI\BT\BehaviorTree.cs:55 

(Filename: Assets/AI/BT/Extensions.cs Line: 28)

 -> (artifact id: 'b39270d93e61e52a4dc82720a3d0f726') in 0.002097 seconds
  Import took 0.003749 seconds .

========================================================================
Received Prepare
Registering precompiled user dll's ...
Registered in 0.000422 seconds.
Begin MonoManager ReloadAssembly
Native extension for WindowsStandalone target not found
Refreshing native plugins compatible for Editor in 0.19 ms, found 0 plugins.
Preloading 0 native plugins for Editor in 0.00 ms.
Invoked RoslynAnalysisRunner static constructor.
RoslynAnalysisRunner will not be running.
RoslynAnalysisRunner has terminated.
Mono: successfully reloaded assembly
- Completed reload, in  0.596 seconds
Platform modules already initialized, skipping
Refreshing native plugins compatible for Editor in 0.18 ms, found 0 plugins.
Preloading 0 native plugins for Editor in 0.00 ms.
Unloading 1155 Unused Serialized files (Serialized files now loaded: 0)
System memory in use before: 63.0 MB.
System memory in use after: 62.5 MB.

Unloading 16 unused Assets to reduce memory usage. Loaded Objects now: 1750.
Total: 2.020100 ms (FindLiveObjects: 0.229800 ms CreateObjectMapping: 0.065300 ms MarkObjects: 1.473300 ms  DeleteObjects: 0.250800 ms)

========================================================================
Received Import Request.
  Time since last request: 86.540242 seconds.
  path: Assets/bTree.asset
  artifactKey: Guid(44288bbf744539540a22f94c5bd5f78e) Importer(815301076,1909f56bfc062723c751e8b465ee728b)
Start importing Assets/bTree.asset using Guid(44288bbf744539540a22f94c5bd5f78e) Importer(815301076,1909f56bfc062723c751e8b465ee728b)  -> (artifact id: '15fac8007f23074efdfd2639389a365f') in 0.027729 seconds
  Import took 0.029569 seconds .

========================================================================
Received Prepare
Registering precompiled user dll's ...
Registered in 0.000464 seconds.
Begin MonoManager ReloadAssembly
Native extension for WindowsStandalone target not found
Refreshing native plugins compatible for Editor in 0.24 ms, found 0 plugins.
Preloading 0 native plugins for Editor in 0.00 ms.
Invoked RoslynAnalysisRunner static constructor.
RoslynAnalysisRunner will not be running.
RoslynAnalysisRunner has terminated.
Mono: successfully reloaded assembly
- Completed reload, in  0.581 seconds
Platform modules already initialized, skipping
Refreshing native plugins compatible for Editor in 0.18 ms, found 0 plugins.
Preloading 0 native plugins for Editor in 0.00 ms.
Unloading 1155 Unused Serialized files (Serialized files now loaded: 0)
System memory in use before: 63.0 MB.
System memory in use after: 62.6 MB.

Unloading 16 unused Assets to reduce memory usage. Loaded Objects now: 1753.
Total: 1.529600 ms (FindLiveObjects: 0.136100 ms CreateObjectMapping: 0.031600 ms MarkObjects: 1.120100 ms  DeleteObjects: 0.241200 ms)

